2023-11-20 19:15:16,519 WARNING werkzeug MainThread :  * Debugger is active!
2023-11-20 19:15:16,526 INFO werkzeug MainThread :  * Debugger PIN: 635-200-456
2023-11-20 19:15:31,741 INFO werkzeug MainThread :  * Detected change in 'C:\\Users\\danie\\OneDrive\\Ambiente de Trabalho\\backend\\inference_endpoints\\main.py', reloading
2023-11-20 19:15:32,119 WARNING werkzeug MainThread :  * Debugger is active!
2023-11-20 19:15:32,128 INFO werkzeug MainThread :  * Debugger PIN: 635-200-456
2023-11-20 19:16:04,546 INFO werkzeug MainThread :  * Detected change in 'C:\\Users\\danie\\OneDrive\\Ambiente de Trabalho\\backend\\inference_endpoints\\main.py', reloading
2023-11-20 19:16:04,832 WARNING werkzeug MainThread :  * Debugger is active!
2023-11-20 19:16:04,839 INFO werkzeug MainThread :  * Debugger PIN: 635-200-456
2023-11-20 19:16:07,905 INFO werkzeug MainThread :  * Detected change in 'C:\\Users\\danie\\OneDrive\\Ambiente de Trabalho\\backend\\inference_endpoints\\main.py', reloading
2023-11-20 19:16:08,171 WARNING werkzeug MainThread :  * Debugger is active!
2023-11-20 19:16:08,178 INFO werkzeug MainThread :  * Debugger PIN: 635-200-456
2023-11-20 19:16:39,574 INFO werkzeug MainThread :  * Detected change in 'C:\\Users\\danie\\OneDrive\\Ambiente de Trabalho\\backend\\inference_endpoints\\main.py', reloading
2023-11-20 19:16:39,853 WARNING werkzeug MainThread :  * Debugger is active!
2023-11-20 19:16:39,860 INFO werkzeug MainThread :  * Debugger PIN: 635-200-456
2023-11-20 19:16:56,088 INFO werkzeug MainThread :  * Detected change in 'C:\\Users\\danie\\OneDrive\\Ambiente de Trabalho\\backend\\inference_endpoints\\main.py', reloading
2023-11-20 19:16:56,408 WARNING werkzeug MainThread :  * Debugger is active!
2023-11-20 19:16:56,415 INFO werkzeug MainThread :  * Debugger PIN: 635-200-456
2023-11-20 19:17:02,527 INFO werkzeug MainThread :  * Detected change in 'C:\\Users\\danie\\OneDrive\\Ambiente de Trabalho\\backend\\inference_endpoints\\main.py', reloading
2023-11-20 19:17:02,813 WARNING werkzeug MainThread :  * Debugger is active!
2023-11-20 19:17:02,819 INFO werkzeug MainThread :  * Debugger PIN: 635-200-456
2023-11-20 19:17:07,916 INFO werkzeug MainThread :  * Detected change in 'C:\\Users\\danie\\OneDrive\\Ambiente de Trabalho\\backend\\inference_endpoints\\main.py', reloading
2023-11-20 19:17:08,257 WARNING werkzeug MainThread :  * Debugger is active!
2023-11-20 19:17:08,267 INFO werkzeug MainThread :  * Debugger PIN: 635-200-456
2023-11-20 19:17:24,498 INFO werkzeug MainThread :  * Detected change in 'C:\\Users\\danie\\OneDrive\\Ambiente de Trabalho\\backend\\inference_endpoints\\main.py', reloading
2023-11-20 19:17:24,779 WARNING werkzeug MainThread :  * Debugger is active!
2023-11-20 19:17:24,786 INFO werkzeug MainThread :  * Debugger PIN: 635-200-456
2023-11-20 19:17:48,183 INFO root MainThread : Starting the application
2023-11-20 19:17:48,209 INFO werkzeug MainThread : [31m[1mWARNING: This is a development server. Do not use it in a production deployment. Use a production WSGI server instead.[0m
 * Running on http://127.0.0.1:5000
2023-11-20 19:17:48,210 INFO werkzeug MainThread : [33mPress CTRL+C to quit[0m
2023-11-20 19:17:48,213 INFO werkzeug MainThread :  * Restarting with stat
2023-11-20 19:17:48,450 INFO root MainThread : Starting the application
2023-11-20 19:17:48,462 WARNING werkzeug MainThread :  * Debugger is active!
2023-11-20 19:17:48,468 INFO werkzeug MainThread :  * Debugger PIN: 635-200-456
2023-11-20 19:17:55,781 INFO root MainThread : Starting the application
2023-11-20 19:17:55,802 INFO werkzeug MainThread : [31m[1mWARNING: This is a development server. Do not use it in a production deployment. Use a production WSGI server instead.[0m
 * Running on http://127.0.0.1:5000
2023-11-20 19:17:55,802 INFO werkzeug MainThread : [33mPress CTRL+C to quit[0m
2023-11-20 19:17:55,806 INFO werkzeug MainThread :  * Restarting with stat
2023-11-20 19:17:56,064 INFO root MainThread : Starting the application
2023-11-20 19:17:56,075 WARNING werkzeug MainThread :  * Debugger is active!
2023-11-20 19:17:56,082 INFO werkzeug MainThread :  * Debugger PIN: 635-200-456
2023-11-20 19:18:04,926 INFO main Thread-2 (process_request_thread) : Received GET request
2023-11-20 19:18:04,960 INFO werkzeug Thread-2 (process_request_thread) : 127.0.0.1 - - [20/Nov/2023 19:18:04] "GET / HTTP/1.1" 200 -
2023-11-20 19:18:05,173 INFO werkzeug Thread-3 (process_request_thread) : 127.0.0.1 - - [20/Nov/2023 19:18:05] "[33mGET /favicon.ico HTTP/1.1[0m" 404 -
